\BOOKMARK [1][-]{section.1}{Introduction}{}% 1
\BOOKMARK [1][-]{section.2}{Experiment 1}{}% 2
\BOOKMARK [2][-]{subsection.2.1}{Method}{section.2}% 3
\BOOKMARK [3][-]{subsubsection.2.1.1}{Participants}{subsection.2.1}% 4
\BOOKMARK [3][-]{subsubsection.2.1.2}{Stimuli}{subsection.2.1}% 5
\BOOKMARK [3][-]{subsubsection.2.1.3}{Design and Procedure}{subsection.2.1}% 6
\BOOKMARK [2][-]{subsection.2.2}{Results and Discussion}{section.2}% 7
\BOOKMARK [3][-]{subsubsection.2.2.1}{Analysis plan}{subsection.2.2}% 8
\BOOKMARK [3][-]{subsubsection.2.2.2}{Exposure trials}{subsection.2.2}% 9
\BOOKMARK [3][-]{subsubsection.2.2.3}{Test trials}{subsection.2.2}% 10
\BOOKMARK [1][-]{section.3}{Experiment 2}{}% 11
\BOOKMARK [2][-]{subsection.3.1}{Method}{section.3}% 12
\BOOKMARK [3][-]{subsubsection.3.1.1}{Participants}{subsection.3.1}% 13
\BOOKMARK [3][-]{subsubsection.3.1.2}{Stimuli}{subsection.3.1}% 14
\BOOKMARK [2][-]{subsection.3.2}{Design and Procedure}{section.3}% 15
\BOOKMARK [2][-]{subsection.3.3}{Results and Discussion}{section.3}% 16
\BOOKMARK [3][-]{subsubsection.3.3.1}{Exposure trials}{subsection.3.3}% 17
\BOOKMARK [3][-]{subsubsection.3.3.2}{Test trials}{subsection.3.3}% 18
\BOOKMARK [1][-]{section.4}{Experiment 3}{}% 19
\BOOKMARK [2][-]{subsection.4.1}{Method}{section.4}% 20
\BOOKMARK [3][-]{subsubsection.4.1.1}{Participants}{subsection.4.1}% 21
\BOOKMARK [3][-]{subsubsection.4.1.2}{Design and Procedure}{subsection.4.1}% 22
\BOOKMARK [2][-]{subsection.4.2}{Results and Discussion}{section.4}% 23
\BOOKMARK [3][-]{subsubsection.4.2.1}{Exposure trials}{subsection.4.2}% 24
\BOOKMARK [3][-]{subsubsection.4.2.2}{Test trials}{subsection.4.2}% 25
\BOOKMARK [1][-]{section.5}{Experiment 4}{}% 26
\BOOKMARK [2][-]{subsection.5.1}{Method}{section.5}% 27
\BOOKMARK [3][-]{subsubsection.5.1.1}{Participants}{subsection.5.1}% 28
\BOOKMARK [3][-]{subsubsection.5.1.2}{Stimuli}{subsection.5.1}% 29
\BOOKMARK [3][-]{subsubsection.5.1.3}{Design and Procedure}{subsection.5.1}% 30
\BOOKMARK [2][-]{subsection.5.2}{Results and Discussion}{section.5}% 31
\BOOKMARK [3][-]{subsubsection.5.2.1}{Exposure Trials}{subsection.5.2}% 32
\BOOKMARK [3][-]{subsubsection.5.2.2}{Test Trials}{subsection.5.2}% 33
\BOOKMARK [1][-]{section.6}{General Discussion}{}% 34
\BOOKMARK [2][-]{subsection.6.1}{Relationship to previous work}{section.6}% 35
\BOOKMARK [2][-]{subsection.6.2}{Limitations}{section.6}% 36
\BOOKMARK [2][-]{subsection.6.3}{Conclusions}{section.6}% 37
\BOOKMARK [1][-]{section.7}{Acknowledgements}{}% 38
\BOOKMARK [1][-]{section.8}{References}{}% 39
